{"uuid":"a5f8bf88-a8b2-4b9f-b44f-bcb68be28300","historyId":"785655ed02a25f162d251c693092bc60","fullName":"RegistrationTest.createUserWithIncorrectPassword","labels":[{"name":"package","value":""},{"name":"testClass","value":"RegistrationTest"},{"name":"testMethod","value":"createUserWithIncorrectPassword"},{"name":"suite","value":"Регистрация нового пользователя"},{"name":"host","value":"DESKTOP-JGLDLLO"},{"name":"thread","value":"17264@DESKTOP-JGLDLLO.main(1)"},{"name":"framework","value":"junit4"},{"name":"language","value":"java"}],"links":[],"name":"Проверка ошибки поля Пароль при создании пользователя","status":"broken","statusDetails":{"known":false,"muted":false,"flaky":false,"message":"Timed out waiting for driver server to stop.\nBuild info: version: '4.4.0', revision: 'e5c75ed026a'\nSystem info: host: 'DESKTOP-JGLDLLO', ip: '192.168.1.122', os.name: 'Windows 10', os.arch: 'amd64', os.version: '10.0', java.version: '11.0.15'\nDriver info: org.openqa.selenium.chrome.ChromeDriver\nCommand: [16bbeba6c4aaa81637b4a886e4c0e2c9, quit {}]\nCapabilities {acceptInsecureCerts: false, browserName: chrome, browserVersion: 107.0.5304.107, chrome: {chromedriverVersion: 107.0.5304.62 (1eec40d3a576..., userDataDir: C:\\Users\\B7E3~1\\AppData\\Loc...}, goog:chromeOptions: {debuggerAddress: localhost:63036}, networkConnectionEnabled: false, pageLoadStrategy: normal, platformName: WINDOWS, proxy: Proxy(), se:cdp: ws://localhost:63036/devtoo..., se:cdpVersion: 107.0.5304.107, setWindowRect: true, strictFileInteractability: false, timeouts: {implicit: 0, pageLoad: 300000, script: 30000}, unhandledPromptBehavior: dismiss and notify, webauthn:extension:credBlob: true, webauthn:extension:largeBlob: true, webauthn:virtualAuthenticators: true}\nSession ID: 16bbeba6c4aaa81637b4a886e4c0e2c9","trace":"org.openqa.selenium.WebDriverException: Timed out waiting for driver server to stop.\nBuild info: version: '4.4.0', revision: 'e5c75ed026a'\nSystem info: host: 'DESKTOP-JGLDLLO', ip: '192.168.1.122', os.name: 'Windows 10', os.arch: 'amd64', os.version: '10.0', java.version: '11.0.15'\nDriver info: org.openqa.selenium.chrome.ChromeDriver\nCommand: [16bbeba6c4aaa81637b4a886e4c0e2c9, quit {}]\nCapabilities {acceptInsecureCerts: false, browserName: chrome, browserVersion: 107.0.5304.107, chrome: {chromedriverVersion: 107.0.5304.62 (1eec40d3a576..., userDataDir: C:\\Users\\B7E3~1\\AppData\\Loc...}, goog:chromeOptions: {debuggerAddress: localhost:63036}, networkConnectionEnabled: false, pageLoadStrategy: normal, platformName: WINDOWS, proxy: Proxy(), se:cdp: ws://localhost:63036/devtoo..., se:cdpVersion: 107.0.5304.107, setWindowRect: true, strictFileInteractability: false, timeouts: {implicit: 0, pageLoad: 300000, script: 30000}, unhandledPromptBehavior: dismiss and notify, webauthn:extension:credBlob: true, webauthn:extension:largeBlob: true, webauthn:virtualAuthenticators: true}\nSession ID: 16bbeba6c4aaa81637b4a886e4c0e2c9\r\n\tat org.openqa.selenium.remote.service.DriverCommandExecutor.execute(DriverCommandExecutor.java:132)\r\n\tat org.openqa.selenium.remote.RemoteWebDriver.execute(RemoteWebDriver.java:547)\r\n\tat org.openqa.selenium.remote.RemoteWebDriver.execute(RemoteWebDriver.java:602)\r\n\tat org.openqa.selenium.remote.RemoteWebDriver.execute(RemoteWebDriver.java:606)\r\n\tat org.openqa.selenium.remote.RemoteWebDriver.quit(RemoteWebDriver.java:443)\r\n\tat org.openqa.selenium.chromium.ChromiumDriver.quit(ChromiumDriver.java:280)\r\n\tat BaseTest.tearDown(BaseTest.java:26)\r\n\tat java.base/jdk.internal.reflect.NativeMethodAccessorImpl.invoke0(Native Method)\r\n\tat java.base/jdk.internal.reflect.NativeMethodAccessorImpl.invoke(NativeMethodAccessorImpl.java:62)\r\n\tat java.base/jdk.internal.reflect.DelegatingMethodAccessorImpl.invoke(DelegatingMethodAccessorImpl.java:43)\r\n\tat java.base/java.lang.reflect.Method.invoke(Method.java:566)\r\n\tat org.junit.runners.model.FrameworkMethod$1.runReflectiveCall(FrameworkMethod.java:59)\r\n\tat org.junit.internal.runners.model.ReflectiveCallable.run(ReflectiveCallable.java:12)\r\n\tat org.junit.runners.model.FrameworkMethod.invokeExplosively(FrameworkMethod.java:56)\r\n\tat org.junit.internal.runners.statements.RunAfters.invokeMethod(RunAfters.java:46)\r\n\tat org.junit.internal.runners.statements.RunAfters.evaluate(RunAfters.java:33)\r\n\tat org.junit.runners.ParentRunner$3.evaluate(ParentRunner.java:306)\r\n\tat org.junit.runners.BlockJUnit4ClassRunner$1.evaluate(BlockJUnit4ClassRunner.java:100)\r\n\tat org.junit.runners.ParentRunner.runLeaf(ParentRunner.java:366)\r\n\tat org.junit.runners.BlockJUnit4ClassRunner.runChild(BlockJUnit4ClassRunner.java:103)\r\n\tat org.junit.runners.BlockJUnit4ClassRunner.runChild(BlockJUnit4ClassRunner.java:63)\r\n\tat org.junit.runners.ParentRunner$4.run(ParentRunner.java:331)\r\n\tat org.junit.runners.ParentRunner$1.schedule(ParentRunner.java:79)\r\n\tat org.junit.runners.ParentRunner.runChildren(ParentRunner.java:329)\r\n\tat org.junit.runners.ParentRunner.access$100(ParentRunner.java:66)\r\n\tat org.junit.runners.ParentRunner$2.evaluate(ParentRunner.java:293)\r\n\tat org.junit.runners.ParentRunner$3.evaluate(ParentRunner.java:306)\r\n\tat org.junit.runners.ParentRunner.run(ParentRunner.java:413)\r\n\tat org.apache.maven.surefire.junit4.JUnit4Provider.execute(JUnit4Provider.java:365)\r\n\tat org.apache.maven.surefire.junit4.JUnit4Provider.executeWithRerun(JUnit4Provider.java:273)\r\n\tat org.apache.maven.surefire.junit4.JUnit4Provider.executeTestSet(JUnit4Provider.java:238)\r\n\tat org.apache.maven.surefire.junit4.JUnit4Provider.invoke(JUnit4Provider.java:159)\r\n\tat org.apache.maven.surefire.booter.ForkedBooter.invokeProviderInSameClassLoader(ForkedBooter.java:384)\r\n\tat org.apache.maven.surefire.booter.ForkedBooter.runSuitesInProcess(ForkedBooter.java:345)\r\n\tat org.apache.maven.surefire.booter.ForkedBooter.execute(ForkedBooter.java:126)\r\n\tat org.apache.maven.surefire.booter.ForkedBooter.main(ForkedBooter.java:418)\r\nCaused by: java.util.concurrent.ExecutionException: java.io.UncheckedIOException: java.net.ConnectException: Connection refused: no further information: localhost/0:0:0:0:0:0:0:1:61813\r\n\tat java.base/java.util.concurrent.CompletableFuture.reportGet(CompletableFuture.java:395)\r\n\tat java.base/java.util.concurrent.CompletableFuture.get(CompletableFuture.java:2022)\r\n\tat org.openqa.selenium.remote.service.DriverCommandExecutor.execute(DriverCommandExecutor.java:128)\r\n\t... 35 more\r\nCaused by: java.io.UncheckedIOException: java.net.ConnectException: Connection refused: no further information: localhost/0:0:0:0:0:0:0:1:61813\r\n\tat org.openqa.selenium.remote.http.netty.NettyHttpHandler.makeCall(NettyHttpHandler.java:73)\r\n\tat org.openqa.selenium.remote.http.AddSeleniumUserAgent.lambda$apply$0(AddSeleniumUserAgent.java:42)\r\n\tat org.openqa.selenium.remote.http.Filter.lambda$andFinally$1(Filter.java:56)\r\n\tat org.openqa.selenium.remote.http.netty.NettyHttpHandler.execute(NettyHttpHandler.java:49)\r\n\tat org.openqa.selenium.remote.http.AddSeleniumUserAgent.lambda$apply$0(AddSeleniumUserAgent.java:42)\r\n\tat org.openqa.selenium.remote.http.Filter.lambda$andFinally$1(Filter.java:56)\r\n\tat org.openqa.selenium.remote.http.netty.NettyClient.execute(NettyClient.java:98)\r\n\tat org.openqa.selenium.remote.HttpCommandExecutor.execute(HttpCommandExecutor.java:181)\r\n\tat org.openqa.selenium.remote.service.DriverCommandExecutor.invokeExecute(DriverCommandExecutor.java:167)\r\n\tat org.openqa.selenium.remote.service.DriverCommandExecutor.lambda$execute$1(DriverCommandExecutor.java:105)\r\n\tat java.base/java.util.concurrent.CompletableFuture$AsyncSupply.run(CompletableFuture.java:1700)\r\n\tat java.base/java.util.concurrent.ThreadPoolExecutor.runWorker(ThreadPoolExecutor.java:1128)\r\n\tat java.base/java.util.concurrent.ThreadPoolExecutor$Worker.run(ThreadPoolExecutor.java:628)\r\n\tat java.base/java.lang.Thread.run(Thread.java:829)\r\nCaused by: java.net.ConnectException: Connection refused: no further information: localhost/0:0:0:0:0:0:0:1:61813\r\n\tat org.asynchttpclient.netty.channel.NettyConnectListener.onFailure(NettyConnectListener.java:179)\r\n\tat org.asynchttpclient.netty.channel.NettyChannelConnector$1.onFailure(NettyChannelConnector.java:108)\r\n\tat org.asynchttpclient.netty.SimpleChannelFutureListener.operationComplete(SimpleChannelFutureListener.java:28)\r\n\tat org.asynchttpclient.netty.SimpleChannelFutureListener.operationComplete(SimpleChannelFutureListener.java:20)\r\n\tat io.netty.util.concurrent.DefaultPromise.notifyListener0(DefaultPromise.java:578)\r\n\tat io.netty.util.concurrent.DefaultPromise.notifyListeners0(DefaultPromise.java:571)\r\n\tat io.netty.util.concurrent.DefaultPromise.notifyListenersNow(DefaultPromise.java:550)\r\n\tat io.netty.util.concurrent.DefaultPromise.notifyListeners(DefaultPromise.java:491)\r\n\tat io.netty.util.concurrent.DefaultPromise.setValue0(DefaultPromise.java:616)\r\n\tat io.netty.util.concurrent.DefaultPromise.setFailure0(DefaultPromise.java:609)\r\n\tat io.netty.util.concurrent.DefaultPromise.tryFailure(DefaultPromise.java:117)\r\n\tat io.netty.channel.nio.AbstractNioChannel$AbstractNioUnsafe.fulfillConnectPromise(AbstractNioChannel.java:321)\r\n\tat io.netty.channel.nio.AbstractNioChannel$AbstractNioUnsafe.finishConnect(AbstractNioChannel.java:337)\r\n\tat io.netty.channel.nio.NioEventLoop.processSelectedKey(NioEventLoop.java:710)\r\n\tat io.netty.channel.nio.NioEventLoop.processSelectedKeysOptimized(NioEventLoop.java:658)\r\n\tat io.netty.channel.nio.NioEventLoop.processSelectedKeys(NioEventLoop.java:584)\r\n\tat io.netty.channel.nio.NioEventLoop.run(NioEventLoop.java:496)\r\n\tat io.netty.util.concurrent.SingleThreadEventExecutor$4.run(SingleThreadEventExecutor.java:997)\r\n\tat io.netty.util.internal.ThreadExecutorMap$2.run(ThreadExecutorMap.java:74)\r\n\tat io.netty.util.concurrent.FastThreadLocalRunnable.run(FastThreadLocalRunnable.java:30)\r\n\t... 1 more\r\nCaused by: io.netty.channel.AbstractChannel$AnnotatedConnectException: Connection refused: no further information: localhost/0:0:0:0:0:0:0:1:61813\r\nCaused by: java.net.ConnectException: Connection refused: no further information\r\n\tat java.base/sun.nio.ch.SocketChannelImpl.checkConnect(Native Method)\r\n\tat java.base/sun.nio.ch.SocketChannelImpl.finishConnect(SocketChannelImpl.java:777)\r\n\tat io.netty.channel.socket.nio.NioSocketChannel.doFinishConnect(NioSocketChannel.java:337)\r\n\tat io.netty.channel.nio.AbstractNioChannel$AbstractNioUnsafe.finishConnect(AbstractNioChannel.java:334)\r\n\tat io.netty.channel.nio.NioEventLoop.processSelectedKey(NioEventLoop.java:710)\r\n\tat io.netty.channel.nio.NioEventLoop.processSelectedKeysOptimized(NioEventLoop.java:658)\r\n\tat io.netty.channel.nio.NioEventLoop.processSelectedKeys(NioEventLoop.java:584)\r\n\tat io.netty.channel.nio.NioEventLoop.run(NioEventLoop.java:496)\r\n\tat io.netty.util.concurrent.SingleThreadEventExecutor$4.run(SingleThreadEventExecutor.java:997)\r\n\tat io.netty.util.internal.ThreadExecutorMap$2.run(ThreadExecutorMap.java:74)\r\n\tat io.netty.util.concurrent.FastThreadLocalRunnable.run(FastThreadLocalRunnable.java:30)\r\n\tat java.base/java.lang.Thread.run(Thread.java:829)\r\n"},"stage":"finished","steps":[],"attachments":[],"parameters":[],"start":1668703732490,"stop":1668703742718}